<?xml version="1.0" encoding="UTF-8"?>
<!-- Generated by org.testng.reporters.JUnitReportReporter -->
<testsuite hostname="LeiShen" failures="0" tests="2" name="testCases.TC001_AccountRegistrationTest" time="6.949" errors="0" timestamp="2025-02-27T09:08:16 EST" skipped="0">
  <testcase classname="testCases.TC001_AccountRegistrationTest" name="verify_account_registration" time="4.713"/>
  <testcase classname="testCases.TC001_AccountRegistrationTest" name="verify_account_registration" time="2.236"/>
</testsuite> <!-- testCases.TC001_AccountRegistrationTest -->
