<?xml version="1.0" encoding="UTF-8"?>
<!-- Generated by org.testng.reporters.JUnitReportReporter -->
<testsuite hostname="LeiShen" failures="0" tests="2" name="testCases.TC002_LoginTest" time="3.431" errors="0" timestamp="2025-02-27T09:08:16 EST" skipped="0">
  <testcase classname="testCases.TC002_LoginTest" name="verify_login" time="1.451"/>
  <testcase classname="testCases.TC002_LoginTest" name="verify_login" time="1.980"/>
</testsuite> <!-- testCases.TC002_LoginTest -->
