<?xml version="1.0" encoding="UTF-8"?>
<!-- Generated by org.testng.reporters.JUnitReportReporter -->
<testsuite hostname="LeiShen" failures="0" tests="1" name="testCases.TC002_LoginTest" time="1.492" errors="0" timestamp="2025-02-27T13:10:33 EST" skipped="0">
  <testcase classname="testCases.TC002_LoginTest" name="verify_login" time="1.492"/>
</testsuite> <!-- testCases.TC002_LoginTest -->
