<?xml version="1.0" encoding="UTF-8"?>
<!-- Generated by org.testng.reporters.JUnitReportReporter -->
<testsuite hostname="LeiShen" failures="0" tests="1" name="testCases.TC001_AccountRegistrationTest" time="1.933" errors="0" timestamp="2025-02-27T13:10:33 EST" skipped="0">
  <testcase classname="testCases.TC001_AccountRegistrationTest" name="verify_account_registration" time="1.933"/>
</testsuite> <!-- testCases.TC001_AccountRegistrationTest -->
